<?xml version="1.0" encoding="UTF-8"?>
<!-- Generated by org.testng.reporters.JUnitReportReporter -->
<testsuite hostname="srinivas-PC" failures="0" tests="4" name="com.oht.qa.testcases.LoginPageTest" time="56.546" errors="0" timestamp="25 Jun 2018 03:52:36 GMT" skipped="0">
  <testcase classname="com.oht.qa.testcases.LoginPageTest" name="loginPageTitleTest" time="13.593"/>
  <testcase classname="com.oht.qa.testcases.LoginPageTest" name="ohtLogoTest" time="11.780"/>
  <testcase classname="com.oht.qa.testcases.LoginPageTest" name="ohtLoginTest" time="18.115"/>
  <testcase classname="com.oht.qa.testcases.LoginPageTest" name="verifyHomePageLinkTest" time="13.058"/>
</testsuite> <!-- com.oht.qa.testcases.LoginPageTest -->
