<?xml version="1.0" encoding="UTF-8"?>
<!-- Generated by org.testng.reporters.JUnitReportReporter -->
<testsuite hostname="srinivas-PC" failures="0" tests="1" name="com.oht.qa.testcases.addNewAddressTest" time="0.000" errors="0" timestamp="03 Jul 2018 16:57:47 GMT" skipped="1">
  <testcase classname="com.oht.qa.testcases.addNewAddressTest" name="addressFormTest" time="0.000">
    <skipped/>
  </testcase> <!-- addressFormTest -->
</testsuite> <!-- com.oht.qa.testcases.addNewAddressTest -->
