<?xml version="1.0" encoding="UTF-8"?>
<!-- Generated by org.testng.reporters.JUnitReportReporter -->
<testsuite hostname="srinivas-PC" failures="0" tests="2" name="com.oht.qa.testcases.HomePageTest" time="35.777" errors="0" timestamp="25 Jun 2018 06:09:53 GMT" skipped="0">
  <testcase classname="com.oht.qa.testcases.HomePageTest" name="validateHomePageTitle" time="16.531"/>
  <testcase classname="com.oht.qa.testcases.HomePageTest" name="verifyAboutUsLink" time="19.246"/>
</testsuite> <!-- com.oht.qa.testcases.HomePageTest -->
